<?xml version="1.0" encoding="UTF-8"?>
<!-- Generated by org.testng.reporters.JUnitReportReporter -->
<testsuite hostname="DESKTOP-3JGHBFI" failures="0" tests="1" name="org.example.runners.runner" time="11.470" errors="0" timestamp="2022-11-23T19:37:55 EET" skipped="0">
  <testcase classname="org.example.runners.runner" name="runScenario" time="11.470"/>
  <system-out/>
</testsuite> <!-- org.example.runners.runner -->
